# JRE version: Java(TM) SE Runtime Environment 18.9 (11.0.9+7) (build 11.0.9+7-LTS)
# Java VM: Java HotSpot(TM) 64-Bit Server VM 18.9 (11.0.9+7-LTS, mixed mode, tiered, compressed oops, g1 gc, windows-amd64)
Heap:
 garbage-first heap   total 581632K, used 240704K [0x0000000080000000, 0x0000000100000000)
  region size 1024K, 11 young (11264K), 11 survivors (11264K)
 Metaspace       used 125277K, capacity 128217K, committed 128476K, reserved 1161216K
  class space    used 15358K, capacity 16461K, committed 16588K, reserved 1048576K
GC Heap History (10 events):
Event: 366.234 GC heap after
{Heap after GC invocations=166 (full 0):
 garbage-first heap   total 395264K, used 172444K [0x0000000080000000, 0x0000000100000000)
  region size 1024K, 12 young (12288K), 12 survivors (12288K)
 Metaspace       used 122415K, capacity 125307K, committed 125532K, reserved 1159168K
  class space    used 15066K, capacity 16142K, committed 16204K, reserved 1048576K
}
Event: 369.393 GC heap before
{Heap before GC invocations=167 (full 0):
 garbage-first heap   total 395264K, used 318876K [0x0000000080000000, 0x0000000100000000)
  region size 1024K, 155 young (158720K), 12 survivors (12288K)
 Metaspace       used 124929K, capacity 127837K, committed 128092K, reserved 1161216K
  class space    used 15320K, capacity 16385K, committed 16460K, reserved 1048576K
}
Event: 369.673 GC heap after
{Heap after GC invocations=168 (full 0):
 garbage-first heap   total 395264K, used 214909K [0x0000000080000000, 0x0000000100000000)
  region size 1024K, 20 young (20480K), 20 survivors (20480K)
 Metaspace       used 124929K, capacity 127837K, committed 128092K, reserved 1161216K
  class space    used 15320K, capacity 16385K, committed 16460K, reserved 1048576K
}
Event: 369.773 GC heap before
{Heap before GC invocations=168 (full 0):
 garbage-first heap   total 395264K, used 215933K [0x0000000080000000, 0x0000000100000000)
  region size 1024K, 21 young (21504K), 20 survivors (20480K)
 Metaspace       used 124983K, capacity 127861K, committed 128092K, reserved 1161216K
  class space    used 15328K, capacity 16392K, committed 16460K, reserved 1048576K
}
Event: 369.898 GC heap after
{Heap after GC invocations=169 (full 0):
 garbage-first heap   total 395264K, used 192000K [0x0000000080000000, 0x0000000100000000)
  region size 1024K, 1 young (1024K), 1 survivors (1024K)
 Metaspace       used 124983K, capacity 127861K, committed 128092K, reserved 1161216K
  class space    used 15328K, capacity 16392K, committed 16460K, reserved 1048576K
}
Event: 372.247 GC heap before
{Heap before GC invocations=169 (full 0):
 garbage-first heap   total 395264K, used 271872K [0x0000000080000000, 0x0000000100000000)
  region size 1024K, 77 young (78848K), 1 survivors (1024K)
 Metaspace       used 125267K, capacity 128216K, committed 128476K, reserved 1161216K
  class space    used 15358K, capacity 16461K, committed 16588K, reserved 1048576K
}
Event: 372.306 GC heap after
{Heap after GC invocations=170 (full 0):
 garbage-first heap   total 395264K, used 202098K [0x0000000080000000, 0x0000000100000000)
  region size 1024K, 9 young (9216K), 9 survivors (9216K)
 Metaspace       used 125267K, capacity 128216K, committed 128476K, reserved 1161216K
  class space    used 15358K, capacity 16461K, committed 16588K, reserved 1048576K
}
Event: 373.615 GC heap before
{Heap before GC invocations=170 (full 0):
 garbage-first heap   total 395264K, used 262514K [0x0000000080000000, 0x0000000100000000)
  region size 1024K, 59 young (60416K), 9 survivors (9216K)
 Metaspace       used 125273K, capacity 128217K, committed 128476K, reserved 1161216K
  class space    used 15358K, capacity 16461K, committed 16588K, reserved 1048576K
}
Event: 373.674 GC heap after
{Heap after GC invocations=171 (full 0):
 garbage-first heap   total 395264K, used 218112K [0x0000000080000000, 0x0000000100000000)
  region size 1024K, 6 young (6144K), 6 survivors (6144K)
 Metaspace       used 125273K, capacity 128217K, committed 128476K, reserved 1161216K
  class space    used 15358K, capacity 16461K, committed 16588K, reserved 1048576K
}
Event: 375.185 GC heap before
{Heap before GC invocations=171 (full 0):
 garbage-first heap   total 395264K, used 315392K [0x0000000080000000, 0x0000000100000000)
  region size 1024K, 87 young (89088K), 6 survivors (6144K)
 Metaspace       used 125277K, capacity 128217K, committed 128476K, reserved 1161216K
  class space    used 15358K, capacity 16461K, committed 16588K, reserved 1048576K
}

